<?xml version="1.0" encoding="UTF-8"?>
<testsuite xmlns:xsi="http://www.w3.org/2001/XMLSchema-instance" xsi:noNamespaceSchemaLocation="https://maven.apache.org/surefire/maven-surefire-plugin/xsd/surefire-test-report-3.0.xsd" version="3.0" name="TestSuite" time="52.955" tests="2" errors="0" skipped="0" failures="1">
  <properties>
[...]
</properties>
  <testcase name="createFormWithUpload" classname="com.bhima.AutomationAnywhere.tests.UI.UITests" time="41.979">
    <failure message="Login failed! expected [true] but found [false]" type="java.lang.AssertionError"><![CDATA[java.lang.AssertionError: Login failed! expected [true] but found [false]
	at org.testng.Assert.fail(Assert.java:111)
	at org.testng.Assert.failNotEquals(Assert.java:1578)
	at org.testng.Assert.assertTrue(Assert.java:57)
	at com.bhima.AutomationAnywhere.tests.UI.UITests.createFormWithUpload(UITests.java:62)
	at java.base/jdk.internal.reflect.NativeMethodAccessorImpl.invoke0(Native Method)
	at java.base/jdk.internal.reflect.NativeMethodAccessorImpl.invoke(NativeMethodAccessorImpl.java:77)
	at java.base/jdk.internal.reflect.DelegatingMethodAccessorImpl.invoke(DelegatingMethodAccessorImpl.java:43)
	at java.base/java.lang.reflect.Method.invoke(Method.java:568)
	at org.testng.internal.invokers.MethodInvocationHelper.invokeMethod(MethodInvocationHelper.java:141)
	at org.testng.internal.invokers.TestInvoker.invokeMethod(TestInvoker.java:686)
	at org.testng.internal.invokers.TestInvoker.invokeTestMethod(TestInvoker.java:230)
	at org.testng.internal.invokers.MethodRunner.runInSequence(MethodRunner.java:63)
	at org.testng.internal.invokers.TestInvoker$MethodInvocationAgent.invoke(TestInvoker.java:992)
	at org.testng.internal.invokers.TestInvoker.invokeTestMethods(TestInvoker.java:203)
	at org.testng.internal.invokers.TestMethodWorker.invokeTestMethods(TestMethodWorker.java:154)
	at org.testng.internal.invokers.TestMethodWorker.run(TestMethodWorker.java:134)
	at java.base/java.util.concurrent.Executors$RunnableAdapter.call(Executors.java:539)
	at java.base/java.util.concurrent.FutureTask.run(FutureTask.java:264)
	at org.testng.internal.thread.graph.TestNGFutureTask.run(TestNGFutureTask.java:22)
	at java.base/java.util.concurrent.ThreadPoolExecutor.runWorker(ThreadPoolExecutor.java:1136)
	at java.base/java.util.concurrent.ThreadPoolExecutor$Worker.run(ThreadPoolExecutor.java:635)
	at java.base/java.lang.Thread.run(Thread.java:833)
]]></failure>
    <system-out><![CDATA[09:26:40.576 [main] DEBUG org.testng.TestNG -- suiteXmlPath: "C:\Users\Admin\eclipse-workspace\selenium-restassured-pom\testng.xml"
]]></system-out>
  </testcase>
  <testcase name="validateLearningInstanceCreationAPI" classname="com.bhima.AutomationAnywhere.tests.api.LearningInstanceTest" time="50.415">
    <system-err><![CDATA[Nov 08, 2025 9:27:25 AM org.openqa.selenium.devtools.Connection$Listener lambda$onText$0
WARNING: Unable to process: {"method":"Network.responseReceived","params":{"requestId":"17568.153","loaderId":"F0A04CD21CE32247DA97C856CD6D23F6","timestamp":66962.606697,"type":"Fetch","response":{"url":"https://community.cloud.automationanywhere.digital/cognitive/v3/learninginstances/list","status":200,"statusText":"","headers":{"strict-transport-security":"max-age=31536000; includeSubDomains; preload","content-security-policy":"default-src 'self' https://aai-artifacts.my.automationanywhere.digital/ https://fotts.azureedge.net/ https://static2.sharepointonline.com/ https://res.cdn.office.net/ http://127.0.0.1:22113/ https://cdn.pendo.io/ https://app.pendo.io/ https://data.pendo.io/ https://pendo-static-5673999629942784.storage.googleapis.com/ https://pendo-io-static.storage.googleapis.com/  'unsafe-eval'; img-src 'self' https://aai-artifacts.my.automationanywhere.digital/ https://fotts.azureedge.net/ https://static2.sharepointonline.com/ https://res.cdn.office.net/ https://*.amazonaws.com/ https://*.googleapis.com/ https://cdn.pendo.io/ https://app.pendo.io/ https://data.pendo.io/ https://pendo-static-5673999629942784.storage.googleapis.com/ https://pendo-io-static.storage.googleapis.com/ ; connect-src 'self' https://aai-artifacts.my.automationanywhere.digital/ https://fotts.azureedge.net/ https://static2.sharepointonline.com/ https://res.cdn.office.net/ http://127.0.0.1:22113/ https://cdn.pendo.io/ https://app.pendo.io/ https://data.pendo.io/ https://pendo-static-5673999629942784.storage.googleapis.com/ https://pendo-io-static.storage.googleapis.com/  https://*.amazonaws.com/ https://*.googleapis.com/ https://*.automationanywhere.digital/","cache-control":"no-cache, no-store, max-age=0, must-revalidate","content-encoding":"gzip","x-correlation-id":"0053ff73-33ea-4ab3-934b-d3036a5ba2d7","pragma":"no-cache","referrer-policy":"same-origin","x-content-type-options":"nosniff","expires":"0","date":"Sat, 08 Nov 2025 03:57:24 GMT","content-type":"application/json","vary":"Accept-Encoding, User-Agent","x-frame-options":"SAMEORIGIN"},"mimeType":"application/json","charset":"","connectionReused":true,"connectionId":104,"remoteIPAddress":"44.230.255.70","remotePort":443,"fromDiskCache":false,"fromServiceWorker":false,"fromPrefetchCache":false,"encodedDataLength":1212,"timing":{"requestTime":66961.453775,"proxyStart":-1,"proxyEnd":-1,"dnsStart":-1,"dnsEnd":-1,"connectStart":-1,"connectEnd":-1,"sslStart":-1,"sslEnd":-1,"workerStart":-1,"workerReady":-1,"workerFetchStart":-1,"workerRespondWithSettled":-1,"sendStart":0.493,"sendEnd":0.786,"pushStart":0,"pushEnd":0,"receiveHeadersStart":1150.553,"receiveHeadersEnd":1150.702},"responseTime":1.76257424533467e+12,"protocol":"h2","alternateProtocolUsage":"unspecifiedReason","securityState":"secure","securityDetails":{"protocol":"TLS 1.3","keyExchange":"","keyExchangeGroup":"X25519","cipher":"AES_128_GCM","certificateId":0,"subjectName":"cloud.automationanywhere.digital","sanList":["cloud.automationanywhere.digital","*.cloud.automationanywhere.digital"],"issuer":"Amazon RSA 2048 M02","validFrom":1738022400,"validTo":1772150399,"signedCertificateTimestampList":[{"status":"Verified","origin":"Embedded in certificate","logDescription":"Google 'Xenon2026h1' log","logId":"969764BF555897ADF743876837084277E9F03AD5F6A4F3366E46A43F0FCAA9C6","timestamp":1738026958143,"hashAlgorithm":"SHA-256","signatureAlgorithm":"ECDSA","signatureData":"304502200A4EFC0E77D06B8AD6B902EE0B0D2FBDE7B696703B425ACB994F6334A71D25B5022100C626463131177E85D7AD9667860232246B3909B87D24C841C77E903E1DA40AFA"},{"status":"Verified","origin":"Embedded in certificate","logDescription":"DigiCert 'Wyvern2026h1'","logId":"6411C46CA412ECA7891CA2022E00BCAB4F2807D41E3527ABEAFED503C97DCDF0","timestamp":1738026958095,"hashAlgorithm":"SHA-256","signatureAlgorithm":"ECDSA","signatureData":"304402206473461CDEBE5CA9578DE83E5F0F63DDDC14A197E932161E2BA1BE5B20F2F85602203BEDBBD905BDB7FE46CD10C97955CA703E6BFE960108080FDE4906F436DAAB77"},{"status":"Verified","origin":"Embedded in certificate","logDescription":"DigiCert 'Sphinx2026h1'","logId":"499C9B69DE1D7CECFC36DECD8764A6B85BAF0A878019D15552FBE9EB29DDF8C3","timestamp":1738026958113,"hashAlgorithm":"SHA-256","signatureAlgorithm":"ECDSA","signatureData":"3045022100DB981A35EA96BFBF5880B774BB4B4BA7ED6478F7CE4402DF4AED0ECAC4BE057402206532C6CE19FEC30BA15C21674B32BF2C5F8BC3CBCF0BD0329DB56F9F17423731"}],"certificateTransparencyCompliance":"compliant","serverSignatureAlgorithm":2052,"encryptedClientHello":false},"isIpProtectionUsed":false},"hasExtraInfo":true,"frameId":"4500E92F458D31C63E38DAD620C2FE53"},"sessionId":"684CDE27EFFEE7AB949C1BA56BC93269"}
java.lang.NullPointerException: Cannot invoke "com.aventstack.extentreports.ExtentTest.log(com.aventstack.extentreports.Status, String)" because the return value of "com.bhima.AutomationAnywhere.reporting.ExtentTestManager.getTest()" is null
	at com.bhima.AutomationAnywhere.tests.api.LearningInstanceTest.lambda$validateLearningInstanceCreationAPI$0(LearningInstanceTest.java:48)
	at org.openqa.selenium.devtools.DevTools.lambda$addListener$0(DevTools.java:104)
	at org.openqa.selenium.devtools.Connection.lambda$handle$5(Connection.java:348)
	at java.base/java.util.stream.ForEachOps$ForEachOp$OfRef.accept(ForEachOps.java:183)
	at java.base/java.util.stream.ReferencePipeline$2$1.accept(ReferencePipeline.java:179)
	at java.base/java.util.stream.ReferencePipeline$15$1.accept(ReferencePipeline.java:541)
	at java.base/java.util.HashMap$EntrySpliterator.forEachRemaining(HashMap.java:1850)
	at java.base/java.util.stream.AbstractPipeline.copyInto(AbstractPipeline.java:509)
	at java.base/java.util.stream.AbstractPipeline.wrapAndCopyInto(AbstractPipeline.java:499)
	at java.base/java.util.stream.ForEachOps$ForEachOp.evaluateSequential(ForEachOps.java:150)
	at java.base/java.util.stream.ForEachOps$ForEachOp$OfRef.evaluateSequential(ForEachOps.java:173)
	at java.base/java.util.stream.AbstractPipeline.evaluate(AbstractPipeline.java:234)
	at java.base/java.util.stream.ReferencePipeline.forEach(ReferencePipeline.java:596)
	at org.openqa.selenium.devtools.Connection.handle(Connection.java:311)
	at org.openqa.selenium.devtools.Connection$Listener.lambda$onText$0(Connection.java:239)
	at java.base/java.util.concurrent.ThreadPoolExecutor.runWorker(ThreadPoolExecutor.java:1136)
	at java.base/java.util.concurrent.ThreadPoolExecutor$Worker.run(ThreadPoolExecutor.java:635)
	at java.base/java.lang.Thread.run(Thread.java:833)

Exception in thread "CDP Connection" org.openqa.selenium.devtools.DevToolsException: Cannot invoke "com.aventstack.extentreports.ExtentTest.log(com.aventstack.extentreports.Status, String)" because the return value of "com.bhima.AutomationAnywhere.reporting.ExtentTestManager.getTest()" is null
Build info: version: '4.23.0', revision: '4df0a231af'
System info: os.name: 'Windows 11', os.arch: 'amd64', os.version: '10.0', java.version: '17.0.3'
Driver info: DevTools Connection
	at org.openqa.selenium.devtools.Connection$Listener.lambda$onText$0(Connection.java:242)
	at java.base/java.util.concurrent.ThreadPoolExecutor.runWorker(ThreadPoolExecutor.java:1136)
	at java.base/java.util.concurrent.ThreadPoolExecutor$Worker.run(ThreadPoolExecutor.java:635)
	at java.base/java.lang.Thread.run(Thread.java:833)
Caused by: java.lang.NullPointerException: Cannot invoke "com.aventstack.extentreports.ExtentTest.log(com.aventstack.extentreports.Status, String)" because the return value of "com.bhima.AutomationAnywhere.reporting.ExtentTestManager.getTest()" is null
	at com.bhima.AutomationAnywhere.tests.api.LearningInstanceTest.lambda$validateLearningInstanceCreationAPI$0(LearningInstanceTest.java:48)
	at org.openqa.selenium.devtools.DevTools.lambda$addListener$0(DevTools.java:104)
	at org.openqa.selenium.devtools.Connection.lambda$handle$5(Connection.java:348)
	at java.base/java.util.stream.ForEachOps$ForEachOp$OfRef.accept(ForEachOps.java:183)
	at java.base/java.util.stream.ReferencePipeline$2$1.accept(ReferencePipeline.java:179)
	at java.base/java.util.stream.ReferencePipeline$15$1.accept(ReferencePipeline.java:541)
	at java.base/java.util.HashMap$EntrySpliterator.forEachRemaining(HashMap.java:1850)
	at java.base/java.util.stream.AbstractPipeline.copyInto(AbstractPipeline.java:509)
	at java.base/java.util.stream.AbstractPipeline.wrapAndCopyInto(AbstractPipeline.java:499)
	at java.base/java.util.stream.ForEachOps$ForEachOp.evaluateSequential(ForEachOps.java:150)
	at java.base/java.util.stream.ForEachOps$ForEachOp$OfRef.evaluateSequential(ForEachOps.java:173)
	at java.base/java.util.stream.AbstractPipeline.evaluate(AbstractPipeline.java:234)
	at java.base/java.util.stream.ReferencePipeline.forEach(ReferencePipeline.java:596)
	at org.openqa.selenium.devtools.Connection.handle(Connection.java:311)
	at org.openqa.selenium.devtools.Connection$Listener.lambda$onText$0(Connection.java:239)
	... 3 more
Nov 08, 2025 9:27:28 AM org.openqa.selenium.devtools.Connection$Listener lambda$onText$0
WARNING: Unable to process: {"method":"Network.responseReceived","params":{"requestId":"17568.187","loaderId":"F0A04CD21CE32247DA97C856CD6D23F6","timestamp":66965.921537,"type":"Fetch","response":{"url":"https://community.cloud.automationanywhere.digital/cognitive/v3/learninginstances/checkavailability/20013b86-7fb0-4598-8f37-1122c5c78e39","status":200,"statusText":"","headers":{"strict-transport-security":"max-age=31536000; includeSubDomains; preload","content-security-policy":"default-src 'self' https://aai-artifacts.my.automationanywhere.digital/ https://fotts.azureedge.net/ https://static2.sharepointonline.com/ https://res.cdn.office.net/ http://127.0.0.1:22113/ https://cdn.pendo.io/ https://app.pendo.io/ https://data.pendo.io/ https://pendo-static-5673999629942784.storage.googleapis.com/ https://pendo-io-static.storage.googleapis.com/  'unsafe-eval'; img-src 'self' https://aai-artifacts.my.automationanywhere.digital/ https://fotts.azureedge.net/ https://static2.sharepointonline.com/ https://res.cdn.office.net/ https://*.amazonaws.com/ https://*.googleapis.com/ https://cdn.pendo.io/ https://app.pendo.io/ https://data.pendo.io/ https://pendo-static-5673999629942784.storage.googleapis.com/ https://pendo-io-static.storage.googleapis.com/ ; connect-src 'self' https://aai-artifacts.my.automationanywhere.digital/ https://fotts.azureedge.net/ https://static2.sharepointonline.com/ https://res.cdn.office.net/ http://127.0.0.1:22113/ https://cdn.pendo.io/ https://app.pendo.io/ https://data.pendo.io/ https://pendo-static-5673999629942784.storage.googleapis.com/ https://pendo-io-static.storage.googleapis.com/  https://*.amazonaws.com/ https://*.googleapis.com/ https://*.automationanywhere.digital/","cache-control":"no-cache, no-store, max-age=0, must-revalidate","content-encoding":"gzip","x-correlation-id":"38a4ba16-ee62-445e-88f0-ed859912f9fe","pragma":"no-cache","referrer-policy":"same-origin","x-content-type-options":"nosniff","expires":"0","date":"Sat, 08 Nov 2025 03:57:28 GMT","content-type":"application/json","vary":"Accept-Encoding, User-Agent","x-frame-options":"SAMEORIGIN"},"mimeType":"application/json","charset":"","connectionReused":true,"connectionId":104,"remoteIPAddress":"44.230.255.70","remotePort":443,"fromDiskCache":false,"fromServiceWorker":false,"fromPrefetchCache":false,"encodedDataLength":1212,"timing":{"requestTime":66965.44719,"proxyStart":-1,"proxyEnd":-1,"dnsStart":-1,"dnsEnd":-1,"connectStart":-1,"connectEnd":-1,"sslStart":-1,"sslEnd":-1,"workerStart":-1,"workerReady":-1,"workerFetchStart":-1,"workerRespondWithSettled":-1,"sendStart":0.819,"sendEnd":1.225,"pushStart":0,"pushEnd":0,"receiveHeadersStart":469.959,"receiveHeadersEnd":470.184},"responseTime":1.762574248647472e+12,"protocol":"h2","alternateProtocolUsage":"unspecifiedReason","securityState":"secure","securityDetails":{"protocol":"TLS 1.3","keyExchange":"","keyExchangeGroup":"X25519","cipher":"AES_128_GCM","certificateId":0,"subjectName":"cloud.automationanywhere.digital","sanList":["cloud.automationanywhere.digital","*.cloud.automationanywhere.digital"],"issuer":"Amazon RSA 2048 M02","validFrom":1738022400,"validTo":1772150399,"signedCertificateTimestampList":[{"status":"Verified","origin":"Embedded in certificate","logDescription":"Google 'Xenon2026h1' log","logId":"969764BF555897ADF743876837084277E9F03AD5F6A4F3366E46A43F0FCAA9C6","timestamp":1738026958143,"hashAlgorithm":"SHA-256","signatureAlgorithm":"ECDSA","signatureData":"304502200A4EFC0E77D06B8AD6B902EE0B0D2FBDE7B696703B425ACB994F6334A71D25B5022100C626463131177E85D7AD9667860232246B3909B87D24C841C77E903E1DA40AFA"},{"status":"Verified","origin":"Embedded in certificate","logDescription":"DigiCert 'Wyvern2026h1'","logId":"6411C46CA412ECA7891CA2022E00BCAB4F2807D41E3527ABEAFED503C97DCDF0","timestamp":1738026958095,"hashAlgorithm":"SHA-256","signatureAlgorithm":"ECDSA","signatureData":"304402206473461CDEBE5CA9578DE83E5F0F63DDDC14A197E932161E2BA1BE5B20F2F85602203BEDBBD905BDB7FE46CD10C97955CA703E6BFE960108080FDE4906F436DAAB77"},{"status":"Verified","origin":"Embedded in certificate","logDescription":"DigiCert 'Sphinx2026h1'","logId":"499C9B69DE1D7CECFC36DECD8764A6B85BAF0A878019D15552FBE9EB29DDF8C3","timestamp":1738026958113,"hashAlgorithm":"SHA-256","signatureAlgorithm":"ECDSA","signatureData":"3045022100DB981A35EA96BFBF5880B774BB4B4BA7ED6478F7CE4402DF4AED0ECAC4BE057402206532C6CE19FEC30BA15C21674B32BF2C5F8BC3CBCF0BD0329DB56F9F17423731"}],"certificateTransparencyCompliance":"compliant","serverSignatureAlgorithm":2052,"encryptedClientHello":false},"isIpProtectionUsed":false},"hasExtraInfo":true,"frameId":"4500E92F458D31C63E38DAD620C2FE53"},"sessionId":"684CDE27EFFEE7AB949C1BA56BC93269"}
java.lang.NullPointerException: Cannot invoke "com.aventstack.extentreports.ExtentTest.log(com.aventstack.extentreports.Status, String)" because the return value of "com.bhima.AutomationAnywhere.reporting.ExtentTestManager.getTest()" is null
	at com.bhima.AutomationAnywhere.tests.api.LearningInstanceTest.lambda$validateLearningInstanceCreationAPI$0(LearningInstanceTest.java:48)
	at org.openqa.selenium.devtools.DevTools.lambda$addListener$0(DevTools.java:104)
	at org.openqa.selenium.devtools.Connection.lambda$handle$5(Connection.java:348)
	at java.base/java.util.stream.ForEachOps$ForEachOp$OfRef.accept(ForEachOps.java:183)
	at java.base/java.util.stream.ReferencePipeline$2$1.accept(ReferencePipeline.java:179)
	at java.base/java.util.stream.ReferencePipeline$15$1.accept(ReferencePipeline.java:541)
	at java.base/java.util.HashMap$EntrySpliterator.forEachRemaining(HashMap.java:1850)
	at java.base/java.util.stream.AbstractPipeline.copyInto(AbstractPipeline.java:509)
	at java.base/java.util.stream.AbstractPipeline.wrapAndCopyInto(AbstractPipeline.java:499)
	at java.base/java.util.stream.ForEachOps$ForEachOp.evaluateSequential(ForEachOps.java:150)
	at java.base/java.util.stream.ForEachOps$ForEachOp$OfRef.evaluateSequential(ForEachOps.java:173)
	at java.base/java.util.stream.AbstractPipeline.evaluate(AbstractPipeline.java:234)
	at java.base/java.util.stream.ReferencePipeline.forEach(ReferencePipeline.java:596)
	at org.openqa.selenium.devtools.Connection.handle(Connection.java:311)
	at org.openqa.selenium.devtools.Connection$Listener.lambda$onText$0(Connection.java:239)
	at java.base/java.util.concurrent.ThreadPoolExecutor.runWorker(ThreadPoolExecutor.java:1136)
	at java.base/java.util.concurrent.ThreadPoolExecutor$Worker.run(ThreadPoolExecutor.java:635)
	at java.base/java.lang.Thread.run(Thread.java:833)

Exception in thread "CDP Connection" org.openqa.selenium.devtools.DevToolsException: Cannot invoke "com.aventstack.extentreports.ExtentTest.log(com.aventstack.extentreports.Status, String)" because the return value of "com.bhima.AutomationAnywhere.reporting.ExtentTestManager.getTest()" is null
Build info: version: '4.23.0', revision: '4df0a231af'
System info: os.name: 'Windows 11', os.arch: 'amd64', os.version: '10.0', java.version: '17.0.3'
Driver info: DevTools Connection
	at org.openqa.selenium.devtools.Connection$Listener.lambda$onText$0(Connection.java:242)
	at java.base/java.util.concurrent.ThreadPoolExecutor.runWorker(ThreadPoolExecutor.java:1136)
	at java.base/java.util.concurrent.ThreadPoolExecutor$Worker.run(ThreadPoolExecutor.java:635)
	at java.base/java.lang.Thread.run(Thread.java:833)
Caused by: java.lang.NullPointerException: Cannot invoke "com.aventstack.extentreports.ExtentTest.log(com.aventstack.extentreports.Status, String)" because the return value of "com.bhima.AutomationAnywhere.reporting.ExtentTestManager.getTest()" is null
	at com.bhima.AutomationAnywhere.tests.api.LearningInstanceTest.lambda$validateLearningInstanceCreationAPI$0(LearningInstanceTest.java:48)
	at org.openqa.selenium.devtools.DevTools.lambda$addListener$0(DevTools.java:104)
	at org.openqa.selenium.devtools.Connection.lambda$handle$5(Connection.java:348)
	at java.base/java.util.stream.ForEachOps$ForEachOp$OfRef.accept(ForEachOps.java:183)
	at java.base/java.util.stream.ReferencePipeline$2$1.accept(ReferencePipeline.java:179)
	at java.base/java.util.stream.ReferencePipeline$15$1.accept(ReferencePipeline.java:541)
	at java.base/java.util.HashMap$EntrySpliterator.forEachRemaining(HashMap.java:1850)
	at java.base/java.util.stream.AbstractPipeline.copyInto(AbstractPipeline.java:509)
	at java.base/java.util.stream.AbstractPipeline.wrapAndCopyInto(AbstractPipeline.java:499)
	at java.base/java.util.stream.ForEachOps$ForEachOp.evaluateSequential(ForEachOps.java:150)
	at java.base/java.util.stream.ForEachOps$ForEachOp$OfRef.evaluateSequential(ForEachOps.java:173)
	at java.base/java.util.stream.AbstractPipeline.evaluate(AbstractPipeline.java:234)
	at java.base/java.util.stream.ReferencePipeline.forEach(ReferencePipeline.java:596)
	at org.openqa.selenium.devtools.Connection.handle(Connection.java:311)
	at org.openqa.selenium.devtools.Connection$Listener.lambda$onText$0(Connection.java:239)
	... 3 more
]]></system-err>
  </testcase>
</testsuite>