<?xml version="1.0" encoding="UTF-8"?>
<!-- Generated by org.testng.reporters.JUnitReportReporter -->
<testsuite hostname="BhimaShankar" failures="0" tests="1" name="com.bhima.AutomationAnywhere.tests.api.LearningInstanceTest" time="52.106" errors="0" timestamp="2025-11-08T09:27:33 IST" skipped="0">
  <testcase classname="com.bhima.AutomationAnywhere.tests.api.LearningInstanceTest" name="validateLearningInstanceCreationAPI" time="52.106"/>
</testsuite> <!-- com.bhima.AutomationAnywhere.tests.api.LearningInstanceTest -->
