<?xml version="1.0" encoding="UTF-8"?>
<!-- Generated by org.testng.reporters.JUnitReportReporter -->
<testsuite hostname="BhimaShankar" failures="0" tests="1" name="com.bhima.AutomationAnywhere.tests.api.LearningInstanceAPITest" time="34.477" errors="1" timestamp="2025-11-08T09:13:18 IST" skipped="0">
  <testcase classname="com.bhima.AutomationAnywhere.tests.api.LearningInstanceAPITest" name="validateLearningInstanceCreationAPI" time="34.477">
    <error message="Cannot invoke &quot;com.bhima.AutomationAnywhere.utils.DevToolsNetworkHelper.validateAPIResponse(String, String, int)&quot; because &quot;this.networkHelper&quot; is null" type="java.lang.NullPointerException">
      <![CDATA[java.lang.NullPointerException: Cannot invoke "com.bhima.AutomationAnywhere.utils.DevToolsNetworkHelper.validateAPIResponse(String, String, int)" because "this.networkHelper" is null
at com.bhima.AutomationAnywhere.tests.api.LearningInstanceAPITest.validateLearningInstanceCreationAPI(LearningInstanceAPITest.java:73)
at java.base/jdk.internal.reflect.NativeMethodAccessorImpl.invoke0(Native Method)
at java.base/jdk.internal.reflect.NativeMethodAccessorImpl.invoke(NativeMethodAccessorImpl.java:77)
at java.base/jdk.internal.reflect.DelegatingMethodAccessorImpl.invoke(DelegatingMethodAccessorImpl.java:43)
at java.base/java.lang.reflect.Method.invoke(Method.java:568)
at org.testng.internal.invokers.MethodInvocationHelper.invokeMethod(MethodInvocationHelper.java:141)
at org.testng.internal.invokers.TestInvoker.invokeMethod(TestInvoker.java:686)
at org.testng.internal.invokers.TestInvoker.invokeTestMethod(TestInvoker.java:230)
at org.testng.internal.invokers.MethodRunner.runInSequence(MethodRunner.java:63)
at org.testng.internal.invokers.TestInvoker$MethodInvocationAgent.invoke(TestInvoker.java:992)
at org.testng.internal.invokers.TestInvoker.invokeTestMethods(TestInvoker.java:203)
at org.testng.internal.invokers.TestMethodWorker.invokeTestMethods(TestMethodWorker.java:154)
at org.testng.internal.invokers.TestMethodWorker.run(TestMethodWorker.java:134)
at java.base/java.util.concurrent.Executors$RunnableAdapter.call(Executors.java:539)
at java.base/java.util.concurrent.FutureTask.run(FutureTask.java:264)
at org.testng.internal.thread.graph.TestNGFutureTask.run(TestNGFutureTask.java:22)
at java.base/java.util.concurrent.ThreadPoolExecutor.runWorker(ThreadPoolExecutor.java:1136)
at java.base/java.util.concurrent.ThreadPoolExecutor$Worker.run(ThreadPoolExecutor.java:635)
at java.base/java.lang.Thread.run(Thread.java:833)
]]>
    </error>
  </testcase> <!-- validateLearningInstanceCreationAPI -->
</testsuite> <!-- com.bhima.AutomationAnywhere.tests.api.LearningInstanceAPITest -->
