<?xml version="1.0" encoding="UTF-8"?>
<!-- Generated by org.testng.reporters.JUnitXMLReporter -->
<testsuite ignored="3" hostname="BhimaShankar" failures="1" tests="2" name="ui-and-api-tests" time="52.134" errors="0" timestamp="2025-11-08T09:27:33 IST">
  <testcase classname="com.bhima.AutomationAnywhere.tests.UI.UITests" name="createFormWithUpload" time="41.992">
    <failure type="java.lang.AssertionError" message="Login failed! expected [true] but found [false]">
      <![CDATA[java.lang.AssertionError: Login failed! expected [true] but found [false]
at com.bhima.AutomationAnywhere.tests.UI.UITests.createFormWithUpload(UITests.java:62)
at java.base/java.util.concurrent.Executors$RunnableAdapter.call(Executors.java:539)
at java.base/java.util.concurrent.FutureTask.run(FutureTask.java:264)
at java.base/java.util.concurrent.ThreadPoolExecutor.runWorker(ThreadPoolExecutor.java:1136)
at java.base/java.util.concurrent.ThreadPoolExecutor$Worker.run(ThreadPoolExecutor.java:635)
at java.base/java.lang.Thread.run(Thread.java:833)
... Removed 16 stack frames]]>
    </failure>
  </testcase> <!-- createFormWithUpload -->
  <testcase classname="com.bhima.AutomationAnywhere.tests.api.LearningInstanceTest" name="validateLearningInstanceCreationAPI" time="50.414"/>
  <testcase classname="com.bhima.AutomationAnywhere.tests.UI.UITests" name="createMessageBoxTask" time="0.0">
    <ignored/>
  </testcase> <!-- createMessageBoxTask -->
  <testcase classname="com.bhima.AutomationAnywhere.coreEngine.BaseTest" name="@AfterSuite tearDownSuite" time="0.0">
    <ignored/>
  </testcase> <!-- @AfterSuite tearDownSuite -->
  <testcase classname="com.bhima.AutomationAnywhere.coreEngine.BaseTest" name="@BeforeSuite initExtent" time="0.0">
    <ignored/>
  </testcase> <!-- @BeforeSuite initExtent -->
</testsuite> <!-- ui-and-api-tests -->
